c:\users\nshaiku\sravan\ece466-sravan\powersupplysw\8080-firmware-fork\powersupply_modbus\x64\debug\vc143.pdb
c:\users\nshaiku\sravan\ece466-sravan\powersupplysw\8080-firmware-fork\powersupply_modbus\x64\debug\vc143.idb
c:\users\nshaiku\sravan\ece466-sravan\powersupplysw\8080-firmware-fork\powersupply_modbus\x64\debug\modbus.obj
c:\users\nshaiku\sravan\ece466-sravan\powersupplysw\8080-firmware-fork\powersupply_modbus\x64\debug\modbus-tcp.obj
c:\users\nshaiku\sravan\ece466-sravan\powersupplysw\8080-firmware-fork\powersupply_modbus\x64\debug\modbus-rtu.obj
c:\users\nshaiku\sravan\ece466-sravan\powersupplysw\8080-firmware-fork\powersupply_modbus\x64\debug\registers_handler.obj
c:\users\nshaiku\sravan\ece466-sravan\powersupplysw\8080-firmware-fork\powersupply_modbus\x64\debug\powersupply_top.obj
c:\users\nshaiku\sravan\ece466-sravan\powersupplysw\8080-firmware-fork\powersupply_modbus\x64\debug\modbus-data.obj
c:\users\nshaiku\ece466-sravan\powersupply_modbus\x64\debug\powersupply_modbus.lib
c:\users\nshaiku\ece466-sravan\powersupply_modbus\x64\debug\powersupply_modbus.exp
c:\users\nshaiku\sravan\ece466-sravan\powersupplysw\8080-firmware-fork\x64\debug\powersupply_modbus.lib
c:\users\nshaiku\sravan\ece466-sravan\powersupplysw\8080-firmware-fork\x64\debug\powersupply_modbus.exp
c:\users\nshaiku\sravan\ece466-sravan\powersupplysw\8080-firmware-fork\powersupply_modbus\x64\debug\powersupply_modbus.ilk
c:\users\nshaiku\sravan\ece466-sravan\powersupplysw\8080-firmware-fork\x64\debug\powersupply_modbus.exe
c:\users\nshaiku\sravan\ece466-sravan\powersupplysw\8080-firmware-fork\x64\debug\powersupply_modbus.pdb
c:\users\nshaiku\sravan\ece466-sravan\powersupplysw\8080-firmware-fork\powersupply_modbus\x64\debug\source.obj
c:\users\nshaiku\sravan\ece466-sravan\powersupplysw\8080-firmware-fork\powersupply_modbus\x64\debug\modbus.obj.enc
c:\users\nshaiku\sravan\ece466-sravan\powersupplysw\8080-firmware-fork\powersupply_modbus\x64\debug\modbus.res
c:\users\nshaiku\sravan\ece466-sravan\powersupplysw\8080-firmware-fork\powersupply_modbus\x64\debug\powersup.217dda89.tlog\cl.command.1.tlog
c:\users\nshaiku\sravan\ece466-sravan\powersupplysw\8080-firmware-fork\powersupply_modbus\x64\debug\powersup.217dda89.tlog\cl.read.1.tlog
c:\users\nshaiku\sravan\ece466-sravan\powersupplysw\8080-firmware-fork\powersupply_modbus\x64\debug\powersup.217dda89.tlog\cl.write.1.tlog
c:\users\nshaiku\sravan\ece466-sravan\powersupplysw\8080-firmware-fork\powersupply_modbus\x64\debug\powersup.217dda89.tlog\link.command.1.tlog
c:\users\nshaiku\sravan\ece466-sravan\powersupplysw\8080-firmware-fork\powersupply_modbus\x64\debug\powersup.217dda89.tlog\link.read.1.tlog
c:\users\nshaiku\sravan\ece466-sravan\powersupplysw\8080-firmware-fork\powersupply_modbus\x64\debug\powersup.217dda89.tlog\link.write.1.tlog
c:\users\nshaiku\sravan\ece466-sravan\powersupplysw\8080-firmware-fork\powersupply_modbus\x64\debug\powersup.217dda89.tlog\link.write.2u.tlog
c:\users\nshaiku\sravan\ece466-sravan\powersupplysw\8080-firmware-fork\powersupply_modbus\x64\debug\powersup.217dda89.tlog\rc.command.1.tlog
